{"uuid":"10414317-6fe4-45f7-9268-9b4e97bae28a","historyId":"710b677dd51d4abbaa1cad198ddaa72a","fullName":"Coupon Functionality: Add valid Coupon","labels":[{"name":"tag","value":"End2End"},{"name":"host","value":"DESKTOP-3M64TVO"},{"name":"thread","value":"15076@DESKTOP-3M64TVO.main(1)"},{"name":"feature","value":"Coupon Functionality"},{"name":"story","value":"Add valid Coupon"},{"name":"suite","value":"Coupon Functionality"},{"name":"testClass","value":"Add valid Coupon"},{"name":"framework","value":"cucumber4jvm"},{"name":"language","value":"java"},{"name":"gherkin_uri","value":"file:///C:/Users/WIN%2010/IdeaProjects/Mobile-Automation-Framework/src/main/resources/features/AddCoupon.feature"},{"name":"package","value":"src.main.resources.features.AddCoupon_feature.Coupon Functionality"}],"links":[],"name":"Add valid Coupon","status":"broken","statusDetails":{"known":false,"muted":false,"flaky":false,"message":"An element could not be located on the page using the given search parameters.\nFor documentation on this error, please visit: https://selenium.dev/exceptions/#no_such_element\nBuild info: version: '4.8.1', revision: '8ebccac989'\nSystem info: os.name: 'Windows 10', os.arch: 'amd64', os.version: '10.0', java.version: '19.0.2'\nDriver info: io.appium.java_client.android.AndroidDriver\nCommand: [7ef81c71-56f0-4593-a317-23e85b96e584, findElement {using=-android uiautomator, value=new UiScrollable(new UiSelector().scrollable(false)).scrollIntoView(new UiSelector().textContains(\"Samsung\"))}]\nCapabilities {appium:appActivity: com.noon.buyerapp.MainActivity, appium:appPackage: com.noon.buyerapp, appium:automationName: UiAutomator2, appium:databaseEnabled: false, appium:desired: {appActivity: com.noon.buyerapp.MainActivity, appPackage: com.noon.buyerapp, automationName: UiAutomator2, deviceName: 4DSWVK4LCQORAI8H, platformName: android}, appium:deviceApiLevel: 29, appium:deviceManufacturer: OPPO, appium:deviceModel: CPH1819, appium:deviceName: 4DSWVK4LCQORAI8H, appium:deviceScreenDensity: 480, appium:deviceScreenSize: 1080x2280, appium:deviceUDID: 4DSWVK4LCQORAI8H, appium:javascriptEnabled: true, appium:locationContextEnabled: false, appium:networkConnectionEnabled: true, appium:pixelRatio: 3, appium:platformVersion: 10, appium:statBarHeight: 96, appium:takesScreenshot: true, appium:viewportRect: {height: 1972, left: 0, top: 96, width: 1080}, appium:warnings: {}, appium:webStorageEnabled: false, platformName: ANDROID}\nSession ID: 7ef81c71-56f0-4593-a317-23e85b96e584","trace":"org.openqa.selenium.NoSuchElementException: An element could not be located on the page using the given search parameters.\nFor documentation on this error, please visit: https://selenium.dev/exceptions/#no_such_element\nBuild info: version: '4.8.1', revision: '8ebccac989'\nSystem info: os.name: 'Windows 10', os.arch: 'amd64', os.version: '10.0', java.version: '19.0.2'\nDriver info: io.appium.java_client.android.AndroidDriver\nCommand: [7ef81c71-56f0-4593-a317-23e85b96e584, findElement {using=-android uiautomator, value=new UiScrollable(new UiSelector().scrollable(false)).scrollIntoView(new UiSelector().textContains(\"Samsung\"))}]\nCapabilities {appium:appActivity: com.noon.buyerapp.MainActivity, appium:appPackage: com.noon.buyerapp, appium:automationName: UiAutomator2, appium:databaseEnabled: false, appium:desired: {appActivity: com.noon.buyerapp.MainActivity, appPackage: com.noon.buyerapp, automationName: UiAutomator2, deviceName: 4DSWVK4LCQORAI8H, platformName: android}, appium:deviceApiLevel: 29, appium:deviceManufacturer: OPPO, appium:deviceModel: CPH1819, appium:deviceName: 4DSWVK4LCQORAI8H, appium:deviceScreenDensity: 480, appium:deviceScreenSize: 1080x2280, appium:deviceUDID: 4DSWVK4LCQORAI8H, appium:javascriptEnabled: true, appium:locationContextEnabled: false, appium:networkConnectionEnabled: true, appium:pixelRatio: 3, appium:platformVersion: 10, appium:statBarHeight: 96, appium:takesScreenshot: true, appium:viewportRect: {height: 1972, left: 0, top: 96, width: 1080}, appium:warnings: {}, appium:webStorageEnabled: false, platformName: ANDROID}\nSession ID: 7ef81c71-56f0-4593-a317-23e85b96e584\r\n\tat java.base/jdk.internal.reflect.DirectConstructorHandleAccessor.newInstance(DirectConstructorHandleAccessor.java:67)\r\n\tat java.base/java.lang.reflect.Constructor.newInstanceWithCaller(Constructor.java:500)\r\n\tat java.base/java.lang.reflect.Constructor.newInstance(Constructor.java:484)\r\n\tat org.openqa.selenium.remote.codec.w3c.W3CHttpResponseCodec.createException(W3CHttpResponseCodec.java:200)\r\n\tat org.openqa.selenium.remote.codec.w3c.W3CHttpResponseCodec.decode(W3CHttpResponseCodec.java:133)\r\n\tat org.openqa.selenium.remote.codec.w3c.W3CHttpResponseCodec.decode(W3CHttpResponseCodec.java:53)\r\n\tat org.openqa.selenium.remote.HttpCommandExecutor.execute(HttpCommandExecutor.java:184)\r\n\tat io.appium.java_client.remote.AppiumCommandExecutor.execute(AppiumCommandExecutor.java:262)\r\n\tat org.openqa.selenium.remote.RemoteWebDriver.execute(RemoteWebDriver.java:543)\r\n\tat org.openqa.selenium.remote.ElementLocation$ElementFinder$2.findElement(ElementLocation.java:162)\r\n\tat org.openqa.selenium.remote.ElementLocation.findElement(ElementLocation.java:66)\r\n\tat org.openqa.selenium.remote.RemoteWebDriver.findElement(RemoteWebDriver.java:352)\r\n\tat org.openqa.selenium.remote.RemoteWebDriver.findElement(RemoteWebDriver.java:344)\r\n\tat screens.HomeScreen.SearchForItem(HomeScreen.java:23)\r\n\tat steps.AddCoupon.user_search_for_item_and_add_item_to_cart(AddCoupon.java:48)\r\n\tat ✽.User Search for item And Add item to cart(file:///C:/Users/WIN%2010/IdeaProjects/Mobile-Automation-Framework/src/main/resources/features/AddCoupon.feature:6)\r\n"},"stage":"finished","steps":[{"name":"Given  User go to login screen","status":"passed","statusDetails":{"known":false,"muted":false,"flaky":false},"stage":"finished","steps":[],"attachments":[],"parameters":[],"start":1678468302840,"stop":1678468342049},{"name":"When  User fill email as \"salmamoo504@gmail.com\" and Password as \"11338899Hamed#\" and click on Sign in button","status":"passed","statusDetails":{"known":false,"muted":false,"flaky":false},"stage":"finished","steps":[],"attachments":[],"parameters":[],"start":1678468342055,"stop":1678468347212},{"name":"And  User Search for item And Add item to cart","status":"broken","statusDetails":{"known":false,"muted":false,"flaky":false,"message":"An element could not be located on the page using the given search parameters.\nFor documentation on this error, please visit: https://selenium.dev/exceptions/#no_such_element\nBuild info: version: '4.8.1', revision: '8ebccac989'\nSystem info: os.name: 'Windows 10', os.arch: 'amd64', os.version: '10.0', java.version: '19.0.2'\nDriver info: io.appium.java_client.android.AndroidDriver\nCommand: [7ef81c71-56f0-4593-a317-23e85b96e584, findElement {using=-android uiautomator, value=new UiScrollable(new UiSelector().scrollable(false)).scrollIntoView(new UiSelector().textContains(\"Samsung\"))}]\nCapabilities {appium:appActivity: com.noon.buyerapp.MainActivity, appium:appPackage: com.noon.buyerapp, appium:automationName: UiAutomator2, appium:databaseEnabled: false, appium:desired: {appActivity: com.noon.buyerapp.MainActivity, appPackage: com.noon.buyerapp, automationName: UiAutomator2, deviceName: 4DSWVK4LCQORAI8H, platformName: android}, appium:deviceApiLevel: 29, appium:deviceManufacturer: OPPO, appium:deviceModel: CPH1819, appium:deviceName: 4DSWVK4LCQORAI8H, appium:deviceScreenDensity: 480, appium:deviceScreenSize: 1080x2280, appium:deviceUDID: 4DSWVK4LCQORAI8H, appium:javascriptEnabled: true, appium:locationContextEnabled: false, appium:networkConnectionEnabled: true, appium:pixelRatio: 3, appium:platformVersion: 10, appium:statBarHeight: 96, appium:takesScreenshot: true, appium:viewportRect: {height: 1972, left: 0, top: 96, width: 1080}, appium:warnings: {}, appium:webStorageEnabled: false, platformName: ANDROID}\nSession ID: 7ef81c71-56f0-4593-a317-23e85b96e584","trace":"org.openqa.selenium.NoSuchElementException: An element could not be located on the page using the given search parameters.\nFor documentation on this error, please visit: https://selenium.dev/exceptions/#no_such_element\nBuild info: version: '4.8.1', revision: '8ebccac989'\nSystem info: os.name: 'Windows 10', os.arch: 'amd64', os.version: '10.0', java.version: '19.0.2'\nDriver info: io.appium.java_client.android.AndroidDriver\nCommand: [7ef81c71-56f0-4593-a317-23e85b96e584, findElement {using=-android uiautomator, value=new UiScrollable(new UiSelector().scrollable(false)).scrollIntoView(new UiSelector().textContains(\"Samsung\"))}]\nCapabilities {appium:appActivity: com.noon.buyerapp.MainActivity, appium:appPackage: com.noon.buyerapp, appium:automationName: UiAutomator2, appium:databaseEnabled: false, appium:desired: {appActivity: com.noon.buyerapp.MainActivity, appPackage: com.noon.buyerapp, automationName: UiAutomator2, deviceName: 4DSWVK4LCQORAI8H, platformName: android}, appium:deviceApiLevel: 29, appium:deviceManufacturer: OPPO, appium:deviceModel: CPH1819, appium:deviceName: 4DSWVK4LCQORAI8H, appium:deviceScreenDensity: 480, appium:deviceScreenSize: 1080x2280, appium:deviceUDID: 4DSWVK4LCQORAI8H, appium:javascriptEnabled: true, appium:locationContextEnabled: false, appium:networkConnectionEnabled: true, appium:pixelRatio: 3, appium:platformVersion: 10, appium:statBarHeight: 96, appium:takesScreenshot: true, appium:viewportRect: {height: 1972, left: 0, top: 96, width: 1080}, appium:warnings: {}, appium:webStorageEnabled: false, platformName: ANDROID}\nSession ID: 7ef81c71-56f0-4593-a317-23e85b96e584\r\n\tat java.base/jdk.internal.reflect.DirectConstructorHandleAccessor.newInstance(DirectConstructorHandleAccessor.java:67)\r\n\tat java.base/java.lang.reflect.Constructor.newInstanceWithCaller(Constructor.java:500)\r\n\tat java.base/java.lang.reflect.Constructor.newInstance(Constructor.java:484)\r\n\tat org.openqa.selenium.remote.codec.w3c.W3CHttpResponseCodec.createException(W3CHttpResponseCodec.java:200)\r\n\tat org.openqa.selenium.remote.codec.w3c.W3CHttpResponseCodec.decode(W3CHttpResponseCodec.java:133)\r\n\tat org.openqa.selenium.remote.codec.w3c.W3CHttpResponseCodec.decode(W3CHttpResponseCodec.java:53)\r\n\tat org.openqa.selenium.remote.HttpCommandExecutor.execute(HttpCommandExecutor.java:184)\r\n\tat io.appium.java_client.remote.AppiumCommandExecutor.execute(AppiumCommandExecutor.java:262)\r\n\tat org.openqa.selenium.remote.RemoteWebDriver.execute(RemoteWebDriver.java:543)\r\n\tat org.openqa.selenium.remote.ElementLocation$ElementFinder$2.findElement(ElementLocation.java:162)\r\n\tat org.openqa.selenium.remote.ElementLocation.findElement(ElementLocation.java:66)\r\n\tat org.openqa.selenium.remote.RemoteWebDriver.findElement(RemoteWebDriver.java:352)\r\n\tat org.openqa.selenium.remote.RemoteWebDriver.findElement(RemoteWebDriver.java:344)\r\n\tat screens.HomeScreen.SearchForItem(HomeScreen.java:23)\r\n\tat steps.AddCoupon.user_search_for_item_and_add_item_to_cart(AddCoupon.java:48)\r\n\tat ✽.User Search for item And Add item to cart(file:///C:/Users/WIN%2010/IdeaProjects/Mobile-Automation-Framework/src/main/resources/features/AddCoupon.feature:6)\r\n"},"stage":"finished","steps":[],"attachments":[],"parameters":[],"start":1678468347213,"stop":1678468384967},{"name":"And  Add Valid coupon \"Salma20\"","status":"skipped","statusDetails":{"known":false,"muted":false,"flaky":false},"stage":"finished","steps":[],"attachments":[],"parameters":[],"start":1678468384970,"stop":1678468384971},{"name":"Then  Coupon added successfully","status":"skipped","statusDetails":{"known":false,"muted":false,"flaky":false},"stage":"finished","steps":[],"attachments":[],"parameters":[],"start":1678468384972,"stop":1678468384972}],"attachments":[],"parameters":[],"start":1678468302831,"stop":1678468384978}