{"uuid":"dc5ef99f-831b-41cf-87f8-7245b2660fc6","historyId":"9860630b94188356340f41d0e18a050f","fullName":"Login Functionality: User Login with invalid data","labels":[{"name":"host","value":"DESKTOP-3M64TVO"},{"name":"thread","value":"8744@DESKTOP-3M64TVO.main(1)"},{"name":"feature","value":"Login Functionality"},{"name":"story","value":"User Login with invalid data"},{"name":"suite","value":"Login Functionality"},{"name":"testClass","value":"User Login with invalid data"},{"name":"framework","value":"cucumber4jvm"},{"name":"language","value":"java"},{"name":"gherkin_uri","value":"file:///C:/Users/WIN%2010/IdeaProjects/mobileGPtry/src/main/resources/features/SignIn.feature"},{"name":"package","value":"src.main.resources.features.SignIn_feature.Login Functionality"}],"links":[],"name":"User Login with invalid data","status":"broken","statusDetails":{"known":false,"muted":false,"flaky":false,"message":"An element could not be located on the page using the given search parameters.\nFor documentation on this error, please visit: https://selenium.dev/exceptions/#no_such_element\nBuild info: version: '4.8.0', revision: '267030adea'\nSystem info: os.name: 'Windows 10', os.arch: 'amd64', os.version: '10.0', java.version: '19.0.2'\nDriver info: io.appium.java_client.android.AndroidDriver\nCommand: [c829af9a-901f-444f-8a18-d632b4b42398, findElement {using=xpath, value=//android.widget.TextView[@text='Sign In']}]\nCapabilities {appium:appActivity: com.noon.buyerapp.MainActivity, appium:appPackage: com.noon.buyerapp, appium:automationName: UiAutomator2, appium:databaseEnabled: false, appium:desired: {appActivity: com.noon.buyerapp.MainActivity, appPackage: com.noon.buyerapp, automationName: UiAutomator2, deviceName: 4DSWVK4LCQORAI8H, platformName: android}, appium:deviceApiLevel: 29, appium:deviceManufacturer: OPPO, appium:deviceModel: CPH1819, appium:deviceName: 4DSWVK4LCQORAI8H, appium:deviceScreenDensity: 480, appium:deviceScreenSize: 1080x2280, appium:deviceUDID: 4DSWVK4LCQORAI8H, appium:javascriptEnabled: true, appium:locationContextEnabled: false, appium:networkConnectionEnabled: true, appium:pixelRatio: 3, appium:platformVersion: 10, appium:statBarHeight: 96, appium:takesScreenshot: true, appium:viewportRect: {height: 1972, left: 0, top: 96, width: 1080}, appium:warnings: {}, appium:webStorageEnabled: false, platformName: ANDROID}\nSession ID: c829af9a-901f-444f-8a18-d632b4b42398","trace":"org.openqa.selenium.NoSuchElementException: An element could not be located on the page using the given search parameters.\nFor documentation on this error, please visit: https://selenium.dev/exceptions/#no_such_element\nBuild info: version: '4.8.0', revision: '267030adea'\nSystem info: os.name: 'Windows 10', os.arch: 'amd64', os.version: '10.0', java.version: '19.0.2'\nDriver info: io.appium.java_client.android.AndroidDriver\nCommand: [c829af9a-901f-444f-8a18-d632b4b42398, findElement {using=xpath, value=//android.widget.TextView[@text='Sign In']}]\nCapabilities {appium:appActivity: com.noon.buyerapp.MainActivity, appium:appPackage: com.noon.buyerapp, appium:automationName: UiAutomator2, appium:databaseEnabled: false, appium:desired: {appActivity: com.noon.buyerapp.MainActivity, appPackage: com.noon.buyerapp, automationName: UiAutomator2, deviceName: 4DSWVK4LCQORAI8H, platformName: android}, appium:deviceApiLevel: 29, appium:deviceManufacturer: OPPO, appium:deviceModel: CPH1819, appium:deviceName: 4DSWVK4LCQORAI8H, appium:deviceScreenDensity: 480, appium:deviceScreenSize: 1080x2280, appium:deviceUDID: 4DSWVK4LCQORAI8H, appium:javascriptEnabled: true, appium:locationContextEnabled: false, appium:networkConnectionEnabled: true, appium:pixelRatio: 3, appium:platformVersion: 10, appium:statBarHeight: 96, appium:takesScreenshot: true, appium:viewportRect: {height: 1972, left: 0, top: 96, width: 1080}, appium:warnings: {}, appium:webStorageEnabled: false, platformName: ANDROID}\nSession ID: c829af9a-901f-444f-8a18-d632b4b42398\r\n\tat java.base/jdk.internal.reflect.DirectConstructorHandleAccessor.newInstance(DirectConstructorHandleAccessor.java:67)\r\n\tat java.base/java.lang.reflect.Constructor.newInstanceWithCaller(Constructor.java:500)\r\n\tat java.base/java.lang.reflect.Constructor.newInstance(Constructor.java:484)\r\n\tat org.openqa.selenium.remote.codec.w3c.W3CHttpResponseCodec.createException(W3CHttpResponseCodec.java:200)\r\n\tat org.openqa.selenium.remote.codec.w3c.W3CHttpResponseCodec.decode(W3CHttpResponseCodec.java:133)\r\n\tat org.openqa.selenium.remote.codec.w3c.W3CHttpResponseCodec.decode(W3CHttpResponseCodec.java:53)\r\n\tat org.openqa.selenium.remote.HttpCommandExecutor.execute(HttpCommandExecutor.java:184)\r\n\tat io.appium.java_client.remote.AppiumCommandExecutor.execute(AppiumCommandExecutor.java:262)\r\n\tat org.openqa.selenium.remote.RemoteWebDriver.execute(RemoteWebDriver.java:543)\r\n\tat org.openqa.selenium.remote.ElementLocation$ElementFinder$2.findElement(ElementLocation.java:162)\r\n\tat org.openqa.selenium.remote.ElementLocation.findElement(ElementLocation.java:60)\r\n\tat org.openqa.selenium.remote.RemoteWebDriver.findElement(RemoteWebDriver.java:352)\r\n\tat org.openqa.selenium.remote.RemoteWebDriver.findElement(RemoteWebDriver.java:344)\r\n\tat screens.MyAccountScreen.clickLoginButton(MyAccountScreen.java:26)\r\n\tat steps.LoginSteps.go_to_sign_in_screen(LoginSteps.java:35)\r\n\tat ✽.go to sign in screen(file:///C:/Users/WIN%2010/IdeaProjects/mobileGPtry/src/main/resources/features/SignIn.feature:5)\r\n"},"stage":"finished","steps":[{"name":"Given  User allow their location","status":"passed","statusDetails":{"known":false,"muted":false,"flaky":false},"stage":"finished","steps":[],"attachments":[],"parameters":[],"start":1676219464912,"stop":1676219496125},{"name":"And  go to sign in screen","status":"broken","statusDetails":{"known":false,"muted":false,"flaky":false,"message":"An element could not be located on the page using the given search parameters.\nFor documentation on this error, please visit: https://selenium.dev/exceptions/#no_such_element\nBuild info: version: '4.8.0', revision: '267030adea'\nSystem info: os.name: 'Windows 10', os.arch: 'amd64', os.version: '10.0', java.version: '19.0.2'\nDriver info: io.appium.java_client.android.AndroidDriver\nCommand: [c829af9a-901f-444f-8a18-d632b4b42398, findElement {using=xpath, value=//android.widget.TextView[@text='Sign In']}]\nCapabilities {appium:appActivity: com.noon.buyerapp.MainActivity, appium:appPackage: com.noon.buyerapp, appium:automationName: UiAutomator2, appium:databaseEnabled: false, appium:desired: {appActivity: com.noon.buyerapp.MainActivity, appPackage: com.noon.buyerapp, automationName: UiAutomator2, deviceName: 4DSWVK4LCQORAI8H, platformName: android}, appium:deviceApiLevel: 29, appium:deviceManufacturer: OPPO, appium:deviceModel: CPH1819, appium:deviceName: 4DSWVK4LCQORAI8H, appium:deviceScreenDensity: 480, appium:deviceScreenSize: 1080x2280, appium:deviceUDID: 4DSWVK4LCQORAI8H, appium:javascriptEnabled: true, appium:locationContextEnabled: false, appium:networkConnectionEnabled: true, appium:pixelRatio: 3, appium:platformVersion: 10, appium:statBarHeight: 96, appium:takesScreenshot: true, appium:viewportRect: {height: 1972, left: 0, top: 96, width: 1080}, appium:warnings: {}, appium:webStorageEnabled: false, platformName: ANDROID}\nSession ID: c829af9a-901f-444f-8a18-d632b4b42398","trace":"org.openqa.selenium.NoSuchElementException: An element could not be located on the page using the given search parameters.\nFor documentation on this error, please visit: https://selenium.dev/exceptions/#no_such_element\nBuild info: version: '4.8.0', revision: '267030adea'\nSystem info: os.name: 'Windows 10', os.arch: 'amd64', os.version: '10.0', java.version: '19.0.2'\nDriver info: io.appium.java_client.android.AndroidDriver\nCommand: [c829af9a-901f-444f-8a18-d632b4b42398, findElement {using=xpath, value=//android.widget.TextView[@text='Sign In']}]\nCapabilities {appium:appActivity: com.noon.buyerapp.MainActivity, appium:appPackage: com.noon.buyerapp, appium:automationName: UiAutomator2, appium:databaseEnabled: false, appium:desired: {appActivity: com.noon.buyerapp.MainActivity, appPackage: com.noon.buyerapp, automationName: UiAutomator2, deviceName: 4DSWVK4LCQORAI8H, platformName: android}, appium:deviceApiLevel: 29, appium:deviceManufacturer: OPPO, appium:deviceModel: CPH1819, appium:deviceName: 4DSWVK4LCQORAI8H, appium:deviceScreenDensity: 480, appium:deviceScreenSize: 1080x2280, appium:deviceUDID: 4DSWVK4LCQORAI8H, appium:javascriptEnabled: true, appium:locationContextEnabled: false, appium:networkConnectionEnabled: true, appium:pixelRatio: 3, appium:platformVersion: 10, appium:statBarHeight: 96, appium:takesScreenshot: true, appium:viewportRect: {height: 1972, left: 0, top: 96, width: 1080}, appium:warnings: {}, appium:webStorageEnabled: false, platformName: ANDROID}\nSession ID: c829af9a-901f-444f-8a18-d632b4b42398\r\n\tat java.base/jdk.internal.reflect.DirectConstructorHandleAccessor.newInstance(DirectConstructorHandleAccessor.java:67)\r\n\tat java.base/java.lang.reflect.Constructor.newInstanceWithCaller(Constructor.java:500)\r\n\tat java.base/java.lang.reflect.Constructor.newInstance(Constructor.java:484)\r\n\tat org.openqa.selenium.remote.codec.w3c.W3CHttpResponseCodec.createException(W3CHttpResponseCodec.java:200)\r\n\tat org.openqa.selenium.remote.codec.w3c.W3CHttpResponseCodec.decode(W3CHttpResponseCodec.java:133)\r\n\tat org.openqa.selenium.remote.codec.w3c.W3CHttpResponseCodec.decode(W3CHttpResponseCodec.java:53)\r\n\tat org.openqa.selenium.remote.HttpCommandExecutor.execute(HttpCommandExecutor.java:184)\r\n\tat io.appium.java_client.remote.AppiumCommandExecutor.execute(AppiumCommandExecutor.java:262)\r\n\tat org.openqa.selenium.remote.RemoteWebDriver.execute(RemoteWebDriver.java:543)\r\n\tat org.openqa.selenium.remote.ElementLocation$ElementFinder$2.findElement(ElementLocation.java:162)\r\n\tat org.openqa.selenium.remote.ElementLocation.findElement(ElementLocation.java:60)\r\n\tat org.openqa.selenium.remote.RemoteWebDriver.findElement(RemoteWebDriver.java:352)\r\n\tat org.openqa.selenium.remote.RemoteWebDriver.findElement(RemoteWebDriver.java:344)\r\n\tat screens.MyAccountScreen.clickLoginButton(MyAccountScreen.java:26)\r\n\tat steps.LoginSteps.go_to_sign_in_screen(LoginSteps.java:35)\r\n\tat ✽.go to sign in screen(file:///C:/Users/WIN%2010/IdeaProjects/mobileGPtry/src/main/resources/features/SignIn.feature:5)\r\n"},"stage":"finished","steps":[],"attachments":[],"parameters":[],"start":1676219496127,"stop":1676219529799},{"name":"When  User fill \"salma@gmail.com\" and \"12432wrong\" and click on sign in button","status":"skipped","statusDetails":{"known":false,"muted":false,"flaky":false},"stage":"finished","steps":[],"attachments":[],"parameters":[],"start":1676219529802,"stop":1676219529802},{"name":"Then  error message","status":"skipped","statusDetails":{"known":false,"muted":false,"flaky":false},"stage":"finished","steps":[],"attachments":[],"parameters":[],"start":1676219529803,"stop":1676219529804}],"attachments":[],"parameters":[{"name":"email","value":"salma@gmail.com"},{"name":"password","value":"12432wrong"}],"start":1676219464905,"stop":1676219529813}